<?xml version="1.0" encoding="UTF-8"?>
<!-- Generated by org.testng.reporters.JUnitReportReporter -->
<testsuite skipped="0" hostname="GGUNASE-IN-LE01" name="SeleniumFramework.SeleniumFramework.adhoc" tests="1" failures="0" timestamp="02 Jun 2018 15:11:53 GMT" time="1.721" errors="0">
  <testcase name="f" time="1.721" classname="SeleniumFramework.SeleniumFramework.adhoc"/>
</testsuite> <!-- SeleniumFramework.SeleniumFramework.adhoc -->
